[2023-08-22T05:00:03.673+0000] {taskinstance.py:1103} INFO - Dependencies all met for dep_context=non-requeueable deps ti=<TaskInstance: example_python_operator.print_the_context manual__2023-08-22T05:00:02.466058+00:00 [queued]>
[2023-08-22T05:00:03.681+0000] {taskinstance.py:1103} INFO - Dependencies all met for dep_context=requeueable deps ti=<TaskInstance: example_python_operator.print_the_context manual__2023-08-22T05:00:02.466058+00:00 [queued]>
[2023-08-22T05:00:03.681+0000] {taskinstance.py:1308} INFO - Starting attempt 1 of 1
[2023-08-22T05:00:03.693+0000] {taskinstance.py:1327} INFO - Executing <Task(_PythonDecoratedOperator): print_the_context> on 2023-08-22 05:00:02.466058+00:00
[2023-08-22T05:00:03.698+0000] {standard_task_runner.py:57} INFO - Started process 3967 to run task
[2023-08-22T05:00:03.701+0000] {standard_task_runner.py:84} INFO - Running: ['***', 'tasks', 'run', 'example_python_operator', 'print_the_context', 'manual__2023-08-22T05:00:02.466058+00:00', '--job-id', '4', '--raw', '--subdir', '/home/***/.local/lib/python3.7/site-packages/***/example_dags/example_python_operator.py', '--cfg-path', '/tmp/tmpouse9l8n']
[2023-08-22T05:00:03.703+0000] {standard_task_runner.py:85} INFO - Job 4: Subtask print_the_context
[2023-08-22T05:00:03.745+0000] {task_command.py:410} INFO - Running <TaskInstance: example_python_operator.print_the_context manual__2023-08-22T05:00:02.466058+00:00 [running]> on host 908f67153615
[2023-08-22T05:00:03.827+0000] {taskinstance.py:1547} INFO - Exporting env vars: AIRFLOW_CTX_DAG_OWNER='***' AIRFLOW_CTX_DAG_ID='example_python_operator' AIRFLOW_CTX_TASK_ID='print_the_context' AIRFLOW_CTX_EXECUTION_DATE='2023-08-22T05:00:02.466058+00:00' AIRFLOW_CTX_TRY_NUMBER='1' AIRFLOW_CTX_DAG_RUN_ID='manual__2023-08-22T05:00:02.466058+00:00'
[2023-08-22T05:00:03.834+0000] {logging_mixin.py:150} WARNING - /home/***/.local/lib/python3.7/site-packages/***/utils/context.py:313 AirflowContextDeprecationWarning: Accessing 'execution_date' from the template is deprecated and will be removed in a future version. Please use 'data_interval_start' or 'logical_date' instead.
[2023-08-22T05:00:03.835+0000] {logging_mixin.py:150} WARNING - /home/***/.local/lib/python3.7/site-packages/***/utils/context.py:313 AirflowContextDeprecationWarning: Accessing 'next_ds' from the template is deprecated and will be removed in a future version. Please use '{{ data_interval_end | ds }}' instead.
[2023-08-22T05:00:03.836+0000] {logging_mixin.py:150} WARNING - /home/***/.local/lib/python3.7/site-packages/***/utils/context.py:313 AirflowContextDeprecationWarning: Accessing 'next_ds_nodash' from the template is deprecated and will be removed in a future version. Please use '{{ data_interval_end | ds_nodash }}' instead.
[2023-08-22T05:00:03.837+0000] {logging_mixin.py:150} WARNING - /home/***/.local/lib/python3.7/site-packages/***/utils/context.py:313 AirflowContextDeprecationWarning: Accessing 'next_execution_date' from the template is deprecated and will be removed in a future version. Please use 'data_interval_end' instead.
[2023-08-22T05:00:03.838+0000] {logging_mixin.py:150} WARNING - /home/***/.local/lib/python3.7/site-packages/***/utils/context.py:313 AirflowContextDeprecationWarning: Accessing 'prev_ds' from the template is deprecated and will be removed in a future version.
[2023-08-22T05:00:03.838+0000] {logging_mixin.py:150} WARNING - /home/***/.local/lib/python3.7/site-packages/***/utils/context.py:313 AirflowContextDeprecationWarning: Accessing 'prev_ds_nodash' from the template is deprecated and will be removed in a future version.
[2023-08-22T05:00:03.839+0000] {logging_mixin.py:150} WARNING - /home/***/.local/lib/python3.7/site-packages/***/utils/context.py:313 AirflowContextDeprecationWarning: Accessing 'prev_execution_date' from the template is deprecated and will be removed in a future version.
[2023-08-22T05:00:03.840+0000] {logging_mixin.py:150} WARNING - /home/***/.local/lib/python3.7/site-packages/***/utils/context.py:313 AirflowContextDeprecationWarning: Accessing 'prev_execution_date_success' from the template is deprecated and will be removed in a future version. Please use 'prev_data_interval_start_success' instead.
[2023-08-22T05:00:03.841+0000] {logging_mixin.py:150} WARNING - /home/***/.local/lib/python3.7/site-packages/***/utils/context.py:313 AirflowContextDeprecationWarning: Accessing 'tomorrow_ds' from the template is deprecated and will be removed in a future version.
[2023-08-22T05:00:03.841+0000] {logging_mixin.py:150} WARNING - /home/***/.local/lib/python3.7/site-packages/***/utils/context.py:313 AirflowContextDeprecationWarning: Accessing 'tomorrow_ds_nodash' from the template is deprecated and will be removed in a future version.
[2023-08-22T05:00:03.850+0000] {logging_mixin.py:150} WARNING - /home/***/.local/lib/python3.7/site-packages/***/utils/context.py:313 AirflowContextDeprecationWarning: Accessing 'yesterday_ds' from the template is deprecated and will be removed in a future version.
[2023-08-22T05:00:03.851+0000] {logging_mixin.py:150} WARNING - /home/***/.local/lib/python3.7/site-packages/***/utils/context.py:313 AirflowContextDeprecationWarning: Accessing 'yesterday_ds_nodash' from the template is deprecated and will be removed in a future version.
[2023-08-22T05:00:03.851+0000] {logging_mixin.py:150} INFO - {'conf': <***.configuration.AirflowConfigParser object at 0x7f73e6c53d50>,
 'conn': None,
 'dag': <DAG: example_python_operator>,
 'dag_run': <DagRun example_python_operator @ 2023-08-22 05:00:02.466058+00:00: manual__2023-08-22T05:00:02.466058+00:00, state:running, queued_at: 2023-08-22 05:00:02.479579+00:00. externally triggered: True>,
 'data_interval_end': DateTime(2023, 8, 22, 5, 0, 2, 466058, tzinfo=Timezone('UTC')),
 'data_interval_start': DateTime(2023, 8, 22, 5, 0, 2, 466058, tzinfo=Timezone('UTC')),
 'ds_nodash': '20230822',
 'execution_date': <Proxy at 0x7f73d9f1aaf0 with factory functools.partial(<function lazy_mapping_from_context.<locals>._deprecated_proxy_factory at 0x7f73d9f01680>, 'execution_date', DateTime(2023, 8, 22, 5, 0, 2, 466058, tzinfo=Timezone('UTC')))>,
 'expanded_ti_count': None,
 'inlets': [],
 'logical_date': DateTime(2023, 8, 22, 5, 0, 2, 466058, tzinfo=Timezone('UTC')),
 'macros': <module '***.macros' from '/home/***/.local/lib/python3.7/site-packages/***/macros/__init__.py'>,
 'next_ds': <Proxy at 0x7f73d9f1ab90 with factory functools.partial(<function lazy_mapping_from_context.<locals>._deprecated_proxy_factory at 0x7f73d9f01680>, 'next_ds', '2023-08-22')>,
 'next_ds_nodash': <Proxy at 0x7f73d9f1abe0 with factory functools.partial(<function lazy_mapping_from_context.<locals>._deprecated_proxy_factory at 0x7f73d9f01680>, 'next_ds_nodash', '20230822')>,
 'next_execution_date': <Proxy at 0x7f73d9f1ac80 with factory functools.partial(<function lazy_mapping_from_context.<locals>._deprecated_proxy_factory at 0x7f73d9f01680>, 'next_execution_date', DateTime(2023, 8, 22, 5, 0, 2, 466058, tzinfo=Timezone('UTC')))>,
 'outlets': [],
 'params': {},
 'prev_data_interval_end_success': None,
 'prev_data_interval_start_success': None,
 'prev_ds': <Proxy at 0x7f73d9f1acd0 with factory functools.partial(<function lazy_mapping_from_context.<locals>._deprecated_proxy_factory at 0x7f73d9f01680>, 'prev_ds', '2023-08-22')>,
 'prev_ds_nodash': <Proxy at 0x7f73d9f1ad20 with factory functools.partial(<function lazy_mapping_from_context.<locals>._deprecated_proxy_factory at 0x7f73d9f01680>, 'prev_ds_nodash', '20230822')>,
 'prev_execution_date': <Proxy at 0x7f73d9f1ad70 with factory functools.partial(<function lazy_mapping_from_context.<locals>._deprecated_proxy_factory at 0x7f73d9f01680>, 'prev_execution_date', DateTime(2023, 8, 22, 5, 0, 2, 466058, tzinfo=Timezone('UTC')))>,
 'prev_execution_date_success': <Proxy at 0x7f73d9f1adc0 with factory functools.partial(<function lazy_mapping_from_context.<locals>._deprecated_proxy_factory at 0x7f73d9f01680>, 'prev_execution_date_success', None)>,
 'prev_start_date_success': None,
 'run_id': 'manual__2023-08-22T05:00:02.466058+00:00',
 'task': <Task(_PythonDecoratedOperator): print_the_context>,
 'task_instance': <TaskInstance: example_python_operator.print_the_context manual__2023-08-22T05:00:02.466058+00:00 [running]>,
 'task_instance_key_str': 'example_python_operator__print_the_context__20230822',
 'templates_dict': None,
 'test_mode': False,
 'ti': <TaskInstance: example_python_operator.print_the_context manual__2023-08-22T05:00:02.466058+00:00 [running]>,
 'tomorrow_ds': <Proxy at 0x7f73d9f1ae10 with factory functools.partial(<function lazy_mapping_from_context.<locals>._deprecated_proxy_factory at 0x7f73d9f01680>, 'tomorrow_ds', '2023-08-23')>,
 'tomorrow_ds_nodash': <Proxy at 0x7f73d9f1ae60 with factory functools.partial(<function lazy_mapping_from_context.<locals>._deprecated_proxy_factory at 0x7f73d9f01680>, 'tomorrow_ds_nodash', '20230823')>,
 'triggering_dataset_events': {},
 'ts': '2023-08-22T05:00:02.466058+00:00',
 'ts_nodash': '20230822T050002',
 'ts_nodash_with_tz': '20230822T050002.466058+0000',
 'var': {'json': None, 'value': None},
 'yesterday_ds': <Proxy at 0x7f73d9f1aeb0 with factory functools.partial(<function lazy_mapping_from_context.<locals>._deprecated_proxy_factory at 0x7f73d9f01680>, 'yesterday_ds', '2023-08-21')>,
 'yesterday_ds_nodash': <Proxy at 0x7f73d9f1af00 with factory functools.partial(<function lazy_mapping_from_context.<locals>._deprecated_proxy_factory at 0x7f73d9f01680>, 'yesterday_ds_nodash', '20230821')>}
[2023-08-22T05:00:03.851+0000] {logging_mixin.py:150} INFO - 2023-08-22
[2023-08-22T05:00:03.851+0000] {python.py:183} INFO - Done. Returned value was: Whatever you return gets printed in the logs
[2023-08-22T05:00:03.868+0000] {taskinstance.py:1350} INFO - Marking task as SUCCESS. dag_id=example_python_operator, task_id=print_the_context, execution_date=20230822T050002, start_date=20230822T050003, end_date=20230822T050003
[2023-08-22T05:00:03.913+0000] {local_task_job_runner.py:225} INFO - Task exited with return code 0
[2023-08-22T05:00:03.945+0000] {taskinstance.py:2653} INFO - 2 downstream tasks scheduled from follow-on schedule check
