[2023-08-22T05:01:06.236+0000] {taskinstance.py:1103} INFO - Dependencies all met for dep_context=non-requeueable deps ti=<TaskInstance: example_python_operator.log_sql_query manual__2023-08-22T05:01:03.049870+00:00 [queued]>
[2023-08-22T05:01:06.245+0000] {taskinstance.py:1103} INFO - Dependencies all met for dep_context=requeueable deps ti=<TaskInstance: example_python_operator.log_sql_query manual__2023-08-22T05:01:03.049870+00:00 [queued]>
[2023-08-22T05:01:06.246+0000] {taskinstance.py:1308} INFO - Starting attempt 1 of 1
[2023-08-22T05:01:06.260+0000] {taskinstance.py:1327} INFO - Executing <Task(_PythonDecoratedOperator): log_sql_query> on 2023-08-22 05:01:03.049870+00:00
[2023-08-22T05:01:06.265+0000] {standard_task_runner.py:57} INFO - Started process 4728 to run task
[2023-08-22T05:01:06.268+0000] {standard_task_runner.py:84} INFO - Running: ['***', 'tasks', 'run', 'example_python_operator', 'log_sql_query', 'manual__2023-08-22T05:01:03.049870+00:00', '--job-id', '17', '--raw', '--subdir', '/home/***/.local/lib/python3.7/site-packages/***/example_dags/example_python_operator.py', '--cfg-path', '/tmp/tmpe67jzt3k']
[2023-08-22T05:01:06.270+0000] {standard_task_runner.py:85} INFO - Job 17: Subtask log_sql_query
[2023-08-22T05:01:06.323+0000] {task_command.py:410} INFO - Running <TaskInstance: example_python_operator.log_sql_query manual__2023-08-22T05:01:03.049870+00:00 [running]> on host 908f67153615
[2023-08-22T05:01:06.425+0000] {taskinstance.py:1547} INFO - Exporting env vars: AIRFLOW_CTX_DAG_OWNER='***' AIRFLOW_CTX_DAG_ID='example_python_operator' AIRFLOW_CTX_TASK_ID='log_sql_query' AIRFLOW_CTX_EXECUTION_DATE='2023-08-22T05:01:03.049870+00:00' AIRFLOW_CTX_TRY_NUMBER='1' AIRFLOW_CTX_DAG_RUN_ID='manual__2023-08-22T05:01:03.049870+00:00'
[2023-08-22T05:01:06.427+0000] {example_python_operator.py:70} INFO - Python task decorator query: /*
 Licensed to the Apache Software Foundation (ASF) under one
 or more contributor license agreements.  See the NOTICE file
 distributed with this work for additional information
 regarding copyright ownership.  The ASF licenses this file
 to you under the Apache License, Version 2.0 (the
 "License"); you may not use this file except in compliance
 with the License.  You may obtain a copy of the License at

   http://www.apache.org/licenses/LICENSE-2.0

 Unless required by applicable law or agreed to in writing,
 software distributed under the License is distributed on an
 "AS IS" BASIS, WITHOUT WARRANTIES OR CONDITIONS OF ANY
 KIND, either express or implied.  See the License for the
 specific language governing permissions and limitations
 under the License.
*/

CREATE TABLE Orders (
    order_id INT PRIMARY KEY,
    name TEXT,
    description TEXT
)
[2023-08-22T05:01:06.428+0000] {python.py:183} INFO - Done. Returned value was: None
[2023-08-22T05:01:06.437+0000] {taskinstance.py:1350} INFO - Marking task as SUCCESS. dag_id=example_python_operator, task_id=log_sql_query, execution_date=20230822T050103, start_date=20230822T050106, end_date=20230822T050106
[2023-08-22T05:01:06.481+0000] {local_task_job_runner.py:225} INFO - Task exited with return code 0
[2023-08-22T05:01:06.514+0000] {taskinstance.py:2653} INFO - 5 downstream tasks scheduled from follow-on schedule check
