[2023-08-22T05:01:09.960+0000] {taskinstance.py:1103} INFO - Dependencies all met for dep_context=non-requeueable deps ti=<TaskInstance: example_python_operator.external_python manual__2023-08-22T05:01:03.049870+00:00 [queued]>
[2023-08-22T05:01:09.969+0000] {taskinstance.py:1103} INFO - Dependencies all met for dep_context=requeueable deps ti=<TaskInstance: example_python_operator.external_python manual__2023-08-22T05:01:03.049870+00:00 [queued]>
[2023-08-22T05:01:09.969+0000] {taskinstance.py:1308} INFO - Starting attempt 1 of 1
[2023-08-22T05:01:09.986+0000] {taskinstance.py:1327} INFO - Executing <Task(_PythonExternalDecoratedOperator): external_python> on 2023-08-22 05:01:03.049870+00:00
[2023-08-22T05:01:09.993+0000] {standard_task_runner.py:57} INFO - Started process 4934 to run task
[2023-08-22T05:01:09.996+0000] {standard_task_runner.py:84} INFO - Running: ['***', 'tasks', 'run', 'example_python_operator', 'external_python', 'manual__2023-08-22T05:01:03.049870+00:00', '--job-id', '23', '--raw', '--subdir', '/home/***/.local/lib/python3.7/site-packages/***/example_dags/example_python_operator.py', '--cfg-path', '/tmp/tmpfs1i5kr6']
[2023-08-22T05:01:09.998+0000] {standard_task_runner.py:85} INFO - Job 23: Subtask external_python
[2023-08-22T05:01:10.040+0000] {task_command.py:410} INFO - Running <TaskInstance: example_python_operator.external_python manual__2023-08-22T05:01:03.049870+00:00 [running]> on host 908f67153615
[2023-08-22T05:01:10.121+0000] {taskinstance.py:1547} INFO - Exporting env vars: AIRFLOW_CTX_DAG_OWNER='***' AIRFLOW_CTX_DAG_ID='example_python_operator' AIRFLOW_CTX_TASK_ID='external_python' AIRFLOW_CTX_EXECUTION_DATE='2023-08-22T05:01:03.049870+00:00' AIRFLOW_CTX_TRY_NUMBER='1' AIRFLOW_CTX_DAG_RUN_ID='manual__2023-08-22T05:01:03.049870+00:00'
[2023-08-22T05:01:10.812+0000] {process_utils.py:181} INFO - Executing cmd: /usr/local/bin/python /tmp/tmd2inbg1v_/script.py /tmp/tmd2inbg1v_/script.in /tmp/tmd2inbg1v_/script.out /tmp/tmd2inbg1v_/string_args.txt
[2023-08-22T05:01:10.822+0000] {process_utils.py:185} INFO - Output:
[2023-08-22T05:01:11.649+0000] {process_utils.py:189} INFO - Running task via /usr/local/bin/python
[2023-08-22T05:01:11.649+0000] {process_utils.py:189} INFO - Sleeping
[2023-08-22T05:01:11.649+0000] {process_utils.py:189} INFO - Please wait...
[2023-08-22T05:01:12.650+0000] {process_utils.py:189} INFO - Please wait...
[2023-08-22T05:01:13.651+0000] {process_utils.py:189} INFO - Please wait...
[2023-08-22T05:01:14.652+0000] {process_utils.py:189} INFO - Please wait...
[2023-08-22T05:01:15.652+0000] {process_utils.py:189} INFO - Finished
[2023-08-22T05:01:15.693+0000] {python.py:183} INFO - Done. Returned value was: None
[2023-08-22T05:01:15.703+0000] {taskinstance.py:1350} INFO - Marking task as SUCCESS. dag_id=example_python_operator, task_id=external_python, execution_date=20230822T050103, start_date=20230822T050109, end_date=20230822T050115
[2023-08-22T05:01:15.738+0000] {local_task_job_runner.py:225} INFO - Task exited with return code 0
[2023-08-22T05:01:15.755+0000] {taskinstance.py:2653} INFO - 1 downstream tasks scheduled from follow-on schedule check
