[2023-08-22T05:00:10.618+0000] {taskinstance.py:1103} INFO - Dependencies all met for dep_context=non-requeueable deps ti=<TaskInstance: example_python_operator.virtualenv_python manual__2023-08-22T05:00:02.466058+00:00 [queued]>
[2023-08-22T05:00:10.627+0000] {taskinstance.py:1103} INFO - Dependencies all met for dep_context=requeueable deps ti=<TaskInstance: example_python_operator.virtualenv_python manual__2023-08-22T05:00:02.466058+00:00 [queued]>
[2023-08-22T05:00:10.627+0000] {taskinstance.py:1308} INFO - Starting attempt 1 of 1
[2023-08-22T05:00:10.642+0000] {taskinstance.py:1327} INFO - Executing <Task(_PythonVirtualenvDecoratedOperator): virtualenv_python> on 2023-08-22 05:00:02.466058+00:00
[2023-08-22T05:00:10.647+0000] {standard_task_runner.py:57} INFO - Started process 4288 to run task
[2023-08-22T05:00:10.650+0000] {standard_task_runner.py:84} INFO - Running: ['***', 'tasks', 'run', 'example_python_operator', 'virtualenv_python', 'manual__2023-08-22T05:00:02.466058+00:00', '--job-id', '13', '--raw', '--subdir', '/home/***/.local/lib/python3.7/site-packages/***/example_dags/example_python_operator.py', '--cfg-path', '/tmp/tmpp4ujt0z3']
[2023-08-22T05:00:10.652+0000] {standard_task_runner.py:85} INFO - Job 13: Subtask virtualenv_python
[2023-08-22T05:00:10.695+0000] {task_command.py:410} INFO - Running <TaskInstance: example_python_operator.virtualenv_python manual__2023-08-22T05:00:02.466058+00:00 [running]> on host 908f67153615
[2023-08-22T05:00:10.772+0000] {taskinstance.py:1547} INFO - Exporting env vars: AIRFLOW_CTX_DAG_OWNER='***' AIRFLOW_CTX_DAG_ID='example_python_operator' AIRFLOW_CTX_TASK_ID='virtualenv_python' AIRFLOW_CTX_EXECUTION_DATE='2023-08-22T05:00:02.466058+00:00' AIRFLOW_CTX_TRY_NUMBER='1' AIRFLOW_CTX_DAG_RUN_ID='manual__2023-08-22T05:00:02.466058+00:00'
[2023-08-22T05:00:10.774+0000] {process_utils.py:181} INFO - Executing cmd: /usr/local/bin/python -m virtualenv /tmp/venvd4_l_kdu
[2023-08-22T05:00:10.781+0000] {process_utils.py:185} INFO - Output:
[2023-08-22T05:00:12.143+0000] {process_utils.py:189} INFO - created virtual environment CPython3.7.17.final.0-64 in 639ms
[2023-08-22T05:00:12.144+0000] {process_utils.py:189} INFO -   creator CPython3Posix(dest=/tmp/venvd4_l_kdu, clear=False, no_vcs_ignore=False, global=False)
[2023-08-22T05:00:12.144+0000] {process_utils.py:189} INFO -   seeder FromAppData(download=False, pip=bundle, setuptools=bundle, wheel=bundle, via=copy, app_data_dir=/home/***/.local/share/virtualenv)
[2023-08-22T05:00:12.144+0000] {process_utils.py:189} INFO -     added seed packages: pip==23.1, setuptools==67.6.1, wheel==0.40.0
[2023-08-22T05:00:12.145+0000] {process_utils.py:189} INFO -   activators BashActivator,CShellActivator,FishActivator,NushellActivator,PowerShellActivator,PythonActivator
[2023-08-22T05:00:12.186+0000] {process_utils.py:181} INFO - Executing cmd: /tmp/venvd4_l_kdu/bin/pip install -r /tmp/venvd4_l_kdu/requirements.txt
[2023-08-22T05:00:12.197+0000] {process_utils.py:185} INFO - Output:
[2023-08-22T05:00:13.942+0000] {process_utils.py:189} INFO - Collecting colorama==0.4.0 (from -r /tmp/venvd4_l_kdu/requirements.txt (line 1))
[2023-08-22T05:00:14.584+0000] {process_utils.py:189} INFO -   Downloading colorama-0.4.0-py2.py3-none-any.whl (21 kB)
[2023-08-22T05:00:15.004+0000] {process_utils.py:189} INFO - Installing collected packages: colorama
[2023-08-22T05:00:15.026+0000] {process_utils.py:189} INFO - Successfully installed colorama-0.4.0
[2023-08-22T05:00:15.307+0000] {process_utils.py:189} INFO - 
[2023-08-22T05:00:15.307+0000] {process_utils.py:189} INFO - [notice] A new release of pip is available: 23.1 -> 23.2.1
[2023-08-22T05:00:15.308+0000] {process_utils.py:189} INFO - [notice] To update, run: python -m pip install --upgrade pip
[2023-08-22T05:00:15.378+0000] {process_utils.py:181} INFO - Executing cmd: /tmp/venvd4_l_kdu/bin/python /tmp/venvd4_l_kdu/script.py /tmp/venvd4_l_kdu/script.in /tmp/venvd4_l_kdu/script.out /tmp/venvd4_l_kdu/string_args.txt
[2023-08-22T05:00:15.386+0000] {process_utils.py:185} INFO - Output:
[2023-08-22T05:00:15.479+0000] {process_utils.py:189} INFO - [31msome red text
[2023-08-22T05:00:15.479+0000] {process_utils.py:189} INFO - [42mand with a green background
[2023-08-22T05:00:15.479+0000] {process_utils.py:189} INFO - [2mand in dim text
[2023-08-22T05:00:15.480+0000] {process_utils.py:189} INFO - [0m
[2023-08-22T05:00:15.480+0000] {process_utils.py:189} INFO - [2mPlease wait...
[2023-08-22T05:00:16.480+0000] {process_utils.py:189} INFO - [2mPlease wait...
[2023-08-22T05:00:17.481+0000] {process_utils.py:189} INFO - [2mPlease wait...
[2023-08-22T05:00:18.482+0000] {process_utils.py:189} INFO - [2mPlease wait...
[2023-08-22T05:00:19.483+0000] {process_utils.py:189} INFO - Finished
[2023-08-22T05:00:19.519+0000] {python.py:183} INFO - Done. Returned value was: None
[2023-08-22T05:00:19.532+0000] {taskinstance.py:1350} INFO - Marking task as SUCCESS. dag_id=example_python_operator, task_id=virtualenv_python, execution_date=20230822T050002, start_date=20230822T050010, end_date=20230822T050019
[2023-08-22T05:00:19.565+0000] {local_task_job_runner.py:225} INFO - Task exited with return code 0
[2023-08-22T05:00:19.580+0000] {taskinstance.py:2653} INFO - 0 downstream tasks scheduled from follow-on schedule check
